{"C:\\Users\\Augusto Hasenbalg\\Desktop\\DatenSchule2\\CsBe_450\\Arbeitsblätter\\Aufgaben\\Unit-Testing\\src\\extended_formatting.js": {"path":"C:\\Users\\Augusto Hasenbalg\\Desktop\\DatenSchule2\\CsBe_450\\Arbeitsblätter\\Aufgaben\\Unit-Testing\\src\\extended_formatting.js","statementMap":{"0":{"start":{"line":3,"column":4},"end":{"line":3,"column":70}},"1":{"start":{"line":3,"column":40},"end":{"line":3,"column":68}},"2":{"start":{"line":5,"column":16},"end":{"line":5,"column":40}},"3":{"start":{"line":6,"column":2},"end":{"line":6,"column":35}},"4":{"start":{"line":11,"column":4},"end":{"line":14,"column":11}},"5":{"start":{"line":12,"column":6},"end":{"line":12,"column":43}},"6":{"start":{"line":13,"column":6},"end":{"line":13,"column":17}},"7":{"start":{"line":17,"column":2},"end":{"line":17,"column":40}},"8":{"start":{"line":22,"column":4},"end":{"line":22,"column":58}},"9":{"start":{"line":22,"column":31},"end":{"line":22,"column":55}},"10":{"start":{"line":24,"column":19},"end":{"line":28,"column":3}},"11":{"start":{"line":29,"column":2},"end":{"line":29,"column":42}},"12":{"start":{"line":34,"column":4},"end":{"line":34,"column":43}},"13":{"start":{"line":36,"column":19},"end":{"line":36,"column":64}},"14":{"start":{"line":37,"column":16},"end":{"line":37,"column":35}},"15":{"start":{"line":39,"column":2},"end":{"line":39,"column":21}},"16":{"start":{"line":40,"column":2},"end":{"line":40,"column":35}},"17":{"start":{"line":41,"column":2},"end":{"line":41,"column":21}},"18":{"start":{"line":46,"column":4},"end":{"line":46,"column":54}},"19":{"start":{"line":46,"column":32},"end":{"line":46,"column":52}},"20":{"start":{"line":49,"column":17},"end":{"line":49,"column":29}},"21":{"start":{"line":50,"column":17},"end":{"line":50,"column":29}},"22":{"start":{"line":52,"column":2},"end":{"line":52,"column":44}},"23":{"start":{"line":55,"column":0},"end":{"line":55,"column":84}}},"fnMap":{"0":{"name":"uniqueValues","decl":{"start":{"line":2,"column":9},"end":{"line":2,"column":21}},"loc":{"start":{"line":2,"column":27},"end":{"line":4,"column":3}},"line":2},"1":{"name":"(anonymous_1)","decl":{"start":{"line":3,"column":22},"end":{"line":3,"column":23}},"loc":{"start":{"line":3,"column":40},"end":{"line":3,"column":68}},"line":3},"2":{"name":"letterFrequency","decl":{"start":{"line":10,"column":9},"end":{"line":10,"column":24}},"loc":{"start":{"line":10,"column":30},"end":{"line":15,"column":3}},"line":10},"3":{"name":"(anonymous_3)","decl":{"start":{"line":11,"column":32},"end":{"line":11,"column":33}},"loc":{"start":{"line":11,"column":49},"end":{"line":14,"column":5}},"line":11},"4":{"name":"sortByKey","decl":{"start":{"line":21,"column":9},"end":{"line":21,"column":18}},"loc":{"start":{"line":21,"column":29},"end":{"line":23,"column":3}},"line":21},"5":{"name":"(anonymous_5)","decl":{"start":{"line":22,"column":20},"end":{"line":22,"column":21}},"loc":{"start":{"line":22,"column":31},"end":{"line":22,"column":55}},"line":22},"6":{"name":"deepClone","decl":{"start":{"line":33,"column":9},"end":{"line":33,"column":18}},"loc":{"start":{"line":33,"column":24},"end":{"line":35,"column":3}},"line":33},"7":{"name":"intersection","decl":{"start":{"line":45,"column":9},"end":{"line":45,"column":21}},"loc":{"start":{"line":45,"column":34},"end":{"line":47,"column":3}},"line":45},"8":{"name":"(anonymous_8)","decl":{"start":{"line":46,"column":23},"end":{"line":46,"column":24}},"loc":{"start":{"line":46,"column":32},"end":{"line":46,"column":52}},"line":46}},"branchMap":{"0":{"loc":{"start":{"line":12,"column":21},"end":{"line":12,"column":37}},"type":"binary-expr","locations":[{"start":{"line":12,"column":21},"end":{"line":12,"column":32}},{"start":{"line":12,"column":36},"end":{"line":12,"column":37}}],"line":12},"1":{"loc":{"start":{"line":22,"column":31},"end":{"line":22,"column":55}},"type":"cond-expr","locations":[{"start":{"line":22,"column":49},"end":{"line":22,"column":50}},{"start":{"line":22,"column":53},"end":{"line":22,"column":55}}],"line":22}},"s":{"0":3,"1":20,"2":1,"3":1,"4":3,"5":21,"6":21,"7":1,"8":3,"9":12,"10":1,"11":1,"12":2,"13":1,"14":1,"15":1,"16":1,"17":1,"18":3,"19":11,"20":1,"21":1,"22":1,"23":1},"f":{"0":3,"1":20,"2":3,"3":21,"4":3,"5":12,"6":2,"7":3,"8":11},"b":{"0":[21,16],"1":[4,8]},"_coverageSchema":"1a1c01bbd47fc00a2c39e90264f33305004495a9","hash":"3b63ca2fbe0b7544276c36ac5a628419fe6625f5"}
,"C:\\Users\\Augusto Hasenbalg\\Desktop\\DatenSchule2\\CsBe_450\\Arbeitsblätter\\Aufgaben\\Unit-Testing\\src\\formatting.js": {"path":"C:\\Users\\Augusto Hasenbalg\\Desktop\\DatenSchule2\\CsBe_450\\Arbeitsblätter\\Aufgaben\\Unit-Testing\\src\\formatting.js","statementMap":{"0":{"start":{"line":3,"column":4},"end":{"line":3,"column":31}},"1":{"start":{"line":5,"column":16},"end":{"line":5,"column":28}},"2":{"start":{"line":6,"column":0},"end":{"line":6,"column":37}},"3":{"start":{"line":11,"column":4},"end":{"line":11,"column":56}},"4":{"start":{"line":13,"column":0},"end":{"line":13,"column":34}},"5":{"start":{"line":14,"column":0},"end":{"line":14,"column":32}},"6":{"start":{"line":19,"column":4},"end":{"line":22,"column":15}},"7":{"start":{"line":21,"column":17},"end":{"line":21,"column":75}},"8":{"start":{"line":24,"column":0},"end":{"line":24,"column":54}},"9":{"start":{"line":29,"column":4},"end":{"line":31,"column":81}},"10":{"start":{"line":30,"column":28},"end":{"line":30,"column":39}},"11":{"start":{"line":31,"column":42},"end":{"line":31,"column":76}},"12":{"start":{"line":33,"column":0},"end":{"line":33,"column":79}},"13":{"start":{"line":38,"column":4},"end":{"line":40,"column":5}},"14":{"start":{"line":39,"column":6},"end":{"line":39,"column":64}},"15":{"start":{"line":41,"column":4},"end":{"line":41,"column":17}},"16":{"start":{"line":43,"column":0},"end":{"line":43,"column":25}},"17":{"start":{"line":45,"column":0},"end":{"line":45,"column":93}}},"fnMap":{"0":{"name":"getLastElement","decl":{"start":{"line":2,"column":9},"end":{"line":2,"column":23}},"loc":{"start":{"line":2,"column":30},"end":{"line":4,"column":1}},"line":2},"1":{"name":"isPalindrome","decl":{"start":{"line":10,"column":9},"end":{"line":10,"column":21}},"loc":{"start":{"line":10,"column":30},"end":{"line":12,"column":1}},"line":10},"2":{"name":"capitalizeWords","decl":{"start":{"line":18,"column":9},"end":{"line":18,"column":24}},"loc":{"start":{"line":18,"column":30},"end":{"line":23,"column":1}},"line":18},"3":{"name":"(anonymous_3)","decl":{"start":{"line":21,"column":9},"end":{"line":21,"column":10}},"loc":{"start":{"line":21,"column":17},"end":{"line":21,"column":75}},"line":21},"4":{"name":"lengthOfLongestWord","decl":{"start":{"line":28,"column":9},"end":{"line":28,"column":28}},"loc":{"start":{"line":28,"column":34},"end":{"line":32,"column":1}},"line":28},"5":{"name":"(anonymous_5)","decl":{"start":{"line":30,"column":20},"end":{"line":30,"column":21}},"loc":{"start":{"line":30,"column":28},"end":{"line":30,"column":39}},"line":30},"6":{"name":"(anonymous_6)","decl":{"start":{"line":31,"column":12},"end":{"line":31,"column":13}},"loc":{"start":{"line":31,"column":42},"end":{"line":31,"column":76}},"line":31},"7":{"name":"divide","decl":{"start":{"line":37,"column":9},"end":{"line":37,"column":15}},"loc":{"start":{"line":37,"column":22},"end":{"line":42,"column":1}},"line":37}},"branchMap":{"0":{"loc":{"start":{"line":38,"column":4},"end":{"line":40,"column":5}},"type":"if","locations":[{"start":{"line":38,"column":4},"end":{"line":40,"column":5}},{"start":{},"end":{}}],"line":38},"1":{"loc":{"start":{"line":38,"column":8},"end":{"line":38,"column":40}},"type":"binary-expr","locations":[{"start":{"line":38,"column":8},"end":{"line":38,"column":29}},{"start":{"line":38,"column":33},"end":{"line":38,"column":40}}],"line":38}},"s":{"0":2,"1":1,"2":1,"3":3,"4":1,"5":1,"6":2,"7":6,"8":1,"9":2,"10":12,"11":12,"12":1,"13":5,"14":1,"15":4,"16":1,"17":1},"f":{"0":2,"1":3,"2":2,"3":6,"4":2,"5":12,"6":12,"7":5},"b":{"0":[1,4],"1":[5,5]},"_coverageSchema":"1a1c01bbd47fc00a2c39e90264f33305004495a9","hash":"76e7599327130cfd1e6f4d70c363b238329e7282"}
}
