TN:
SF:extended_formatting.js
FN:2,uniqueValues
FN:3,(anonymous_1)
FN:10,letterFrequency
FN:11,(anonymous_3)
FN:21,sortByKey
FN:22,(anonymous_5)
FN:33,deepClone
FN:45,intersection
FN:46,(anonymous_8)
FNF:9
FNH:9
FNDA:3,uniqueValues
FNDA:20,(anonymous_1)
FNDA:3,letterFrequency
FNDA:21,(anonymous_3)
FNDA:3,sortByKey
FNDA:12,(anonymous_5)
FNDA:2,deepClone
FNDA:3,intersection
FNDA:11,(anonymous_8)
DA:3,20
DA:5,1
DA:6,1
DA:11,3
DA:12,21
DA:13,21
DA:17,1
DA:22,12
DA:24,1
DA:29,1
DA:34,2
DA:36,1
DA:37,1
DA:39,1
DA:40,1
DA:41,1
DA:46,11
DA:49,1
DA:50,1
DA:52,1
DA:55,1
LF:21
LH:21
BRDA:12,0,0,21
BRDA:12,0,1,16
BRDA:22,1,0,4
BRDA:22,1,1,8
BRF:4
BRH:4
end_of_record
TN:
SF:formatting.js
FN:2,getLastElement
FN:10,isPalindrome
FN:18,capitalizeWords
FN:21,(anonymous_3)
FN:28,lengthOfLongestWord
FN:30,(anonymous_5)
FN:31,(anonymous_6)
FN:37,divide
FNF:8
FNH:8
FNDA:2,getLastElement
FNDA:3,isPalindrome
FNDA:2,capitalizeWords
FNDA:6,(anonymous_3)
FNDA:2,lengthOfLongestWord
FNDA:12,(anonymous_5)
FNDA:12,(anonymous_6)
FNDA:5,divide
DA:3,2
DA:5,1
DA:6,1
DA:11,3
DA:13,1
DA:14,1
DA:19,2
DA:21,6
DA:24,1
DA:29,2
DA:30,12
DA:31,12
DA:33,1
DA:38,5
DA:39,1
DA:41,4
DA:43,1
DA:45,1
LF:18
LH:18
BRDA:38,0,0,1
BRDA:38,0,1,4
BRDA:38,1,0,5
BRDA:38,1,1,5
BRF:4
BRH:4
end_of_record
